<?xml version="1.0" encoding="UTF-8"?>
<!-- Generated by org.testng.reporters.JUnitReportReporter -->
<testsuite hostname="IN-MUM-PR-WK147" failures="0" tests="2" name="ParcosEmail.EmailTest.emailTest" time="132.145" errors="0" timestamp="2023-09-06T13:35:44 IST" skipped="0">
  <testcase classname="ParcosEmail.EmailTest.emailTest" name="TestEmail" time="96.669"/>
  <system-out/>
  <testcase classname="ParcosEmail.EmailTest.emailTest" name="EmailData" time="35.476"/>
  <system-out/>
</testsuite> <!-- ParcosEmail.EmailTest.emailTest -->
